Vivado Simulator 2017.4
Copyright 1986-1999, 2001-2016 Xilinx, Inc. All Rights Reserved.
Running: C:/Xilinx/Vivado/2017.4/bin/unwrapped/win64.o/xelab.exe -wto 2c3df1f7c3764b62a4b4042848d7cbcd --incr --debug typical --relax --mt 2 -L xil_defaultlib -L secureip --snapshot sim_idea_behav xil_defaultlib.sim_idea -log elaborate.log 
Using 2 slave threads.
Starting static elaboration
Completed static elaboration
Starting simulation data flow analysis
Completed simulation data flow analysis
Time Resolution for simulation is 1ps
Compiling package std.standard
Compiling package std.textio
Compiling package ieee.std_logic_1164
Compiling package ieee.numeric_std
Compiling architecture behavioral of entity xil_defaultlib.key_encryption [key_encryption_default]
Compiling architecture behavioral of entity xil_defaultlib.cla4bit [cla4bit_default]
Compiling architecture behavioral of entity xil_defaultlib.cla20bit [cla20bit_default]
Compiling architecture behavioral of entity xil_defaultlib.multiplication1 [multiplication1_default]
Compiling architecture behavioral of entity xil_defaultlib.mult1 [mult1_default]
Compiling architecture behavioral of entity xil_defaultlib.calc_inversMod [calc_inversmod_default]
Compiling architecture behavioral of entity xil_defaultlib.cla16bit [cla16bit_default]
Compiling architecture behavioral of entity xil_defaultlib.comp [comp_default]
Compiling architecture behavioral of entity xil_defaultlib.key_decryption [key_decryption_default]
Compiling architecture behavioral of entity xil_defaultlib.key_schedule [key_schedule_default]
Compiling architecture behavioral of entity xil_defaultlib.multiplication [multiplication_default]
Compiling architecture behavioral of entity xil_defaultlib.mult [mult_default]
Compiling architecture behavioral of entity xil_defaultlib.add [add_default]
Compiling architecture behavioral of entity xil_defaultlib.round [round_default]
Compiling architecture behavioral of entity xil_defaultlib.registrer [\registrer(datawidth=197)\]
Compiling architecture behavioral of entity xil_defaultlib.final_round [final_round_default]
Compiling architecture behavioral of entity xil_defaultlib.idea [idea_default]
Compiling architecture behavioral of entity xil_defaultlib.sim_idea
Built simulation snapshot sim_idea_behav
